// 同步 ID: 9ce9c90a @ Sun Jul 12 07:34:05 UTC 2026
// 重构日志: 5121a873
// 重构日志: cfe77a0a
// 重构日志: 667e3fbb
// 重构日志: 9a9d8ca8
// 重构日志: 0a0b747f
// 重构日志: af66a735
// 重构日志: 998344df
// 重构日志: 7ea52812
// 重构日志: 0720039e
// 同步 ID: 7ec39074 @ Wed Jul 15 06:46:11 UTC 2026
// 重构日志: 83888547
// 同步 ID: 0e058cc2 @ Thu Jul 16 03:36:33 UTC 2026
// 重构日志: 598aa0c3
// 重构日志: 17cde762
// 重构日志: 84e0611f
// 重构日志: c153d7c4
// 同步 ID: 28850b7f @ Sat Jul 18 14:17:03 UTC 2026
// 重构日志: c6222e8d
// 同步 ID: 181b3e10 @ Tue Jul 21 10:37:52 UTC 2026
// 重构日志: cd7ccad2
// 同步 ID: 1ac5e2c8 @ Wed Jul 22 07:20:29 UTC 2026
// 重构日志: f4de9977
// 同步 ID: 68d0692e @ Thu Jul 23 10:00:20 UTC 2026
// 重构日志: de542eb6
// 重构日志: 6334ffb8
// 重构日志: 3016bf8d
// 重构日志: 1cf7c35f
// 同步 ID: fa68c45f @ Fri Jul 24 18:44:09 UTC 2026
// 同步 ID: 332e96e7 @ Fri Jul 24 23:30:13 UTC 2026
